info it worked if it ends with ok
verbose cli [ 'node', '/usr/local/bin/npm', 'install', '.' ]
info using npm@1.0.3
info using node@v0.4.2
verbose config file /Users/sdepold/.npmrc
verbose config file /usr/local/etc/npmrc
silly testEngine { author: '',
silly testEngine   name: 'image-test',
silly testEngine   version: '0.0.0',
silly testEngine   repository: 
silly testEngine    { type: 'git',
silly testEngine      url: 'git://github.com/sdepold/node-image-test.git' },
silly testEngine   engines: { node: '~v0.4.2' },
silly testEngine   dependencies: { express: '>=1.0.0', 'socket.io': '>=0.6.17' },
silly testEngine   devDependencies: {},
silly testEngine   _id: 'image-test@0.0.0',
silly testEngine   _engineSupported: false,
silly testEngine   _npmVersion: '1.0.3',
silly testEngine   _nodeVersion: 'v0.4.2',
silly testEngine   _defaultsLoaded: true }
WARN Invalid range in engines.node.  Please see `npm help json` ~v0.4.2
verbose caching /Users/sdepold/Projects/node-image-test/package.json
verbose loadDefaults image-test@0.0.0
silly testEngine { name: 'express',
silly testEngine   description: 'Sinatra inspired web development framework',
silly testEngine   version: '2.3.6',
silly testEngine   author: 
silly testEngine    { name: 'TJ Holowaychuk',
silly testEngine      email: 'tj@vision-media.ca' },
silly testEngine   contributors: 
silly testEngine    [ { name: 'TJ Holowaychuk',
silly testEngine        email: 'tj@vision-media.ca' },
silly testEngine      { name: 'Aaron Heckmann',
silly testEngine        email: 'aaron.heckmann+github@gmail.com' },
silly testEngine      { name: 'Ciaran Jessup', email: 'ciaranj@gmail.com' },
silly testEngine      { name: 'Guillermo Rauch', email: 'rauchg@gmail.com' } ],
silly testEngine   dependencies: 
silly testEngine    { connect: '>= 1.4.1 < 2.0.0',
silly testEngine      mime: '>= 0.0.1',
silly testEngine      qs: '>= 0.0.6' },
silly testEngine   devDependencies: 
silly testEngine    { 'connect-form': '0.2.1',
silly testEngine      ejs: '0.4.2',
silly testEngine      expresso: '0.7.2',
silly testEngine      hamljs: '0.5.1',
silly testEngine      jade: '0.11.0',
silly testEngine      stylus: '0.13.0',
silly testEngine      should: '0.2.1',
silly testEngine      'express-messages': '0.0.2',
silly testEngine      'node-markdown': '>= 0.0.1',
silly testEngine      'connect-redis': '>= 0.0.1' },
silly testEngine   keywords: [ 'framework', 'sinatra', 'web', 'rest', 'restful' ],
silly testEngine   repository: 
silly testEngine    { type: 'git',
silly testEngine      url: 'git://github.com/visionmedia/express.git' },
silly testEngine   main: 'index',
silly testEngine   bin: { express: './bin/express' },
silly testEngine   engines: { node: '>= 0.4.1 < 0.5.0' },
silly testEngine   _id: 'express@2.3.6',
silly testEngine   _engineSupported: true,
silly testEngine   _npmVersion: '1.0.3',
silly testEngine   _nodeVersion: 'v0.4.2',
silly testEngine   _defaultsLoaded: true }
verbose caching /Users/sdepold/Projects/node-image-test/node_modules/express/package.json
verbose loadDefaults express@2.3.6
verbose from cache /Users/sdepold/Projects/node-image-test/package.json
verbose into /Users/sdepold/Projects/node-image-test [ '.' ]
verbose cache add [ '.', null ]
ERR! couldn't read package.json in .
ERR! Error: ENOENT, No such file or directory 'package.json'
ERR! Report this *entire* log at:
ERR!     <http://github.com/isaacs/npm/issues>
ERR! or email it to:
ERR!     <npm-@googlegroups.com>
ERR! 
ERR! System Darwin 10.7.0
ERR! command "node" "/usr/local/bin/npm" "install" "."
verbose exit [ 2, true ]
